<?xml version="1.0" encoding="UTF-8"?>
<!-- Generated by org.testng.reporters.JUnitXMLReporter -->
<testsuite hostname="DESKTOP-6PBGOBT" failures="0" tests="7" name="Default test" time="44.405" errors="0" timestamp="13 Jun 2023 09:28:14 GMT">
  <testcase classname="com.qa.opencart.testcases.LoginPageTest" name="verifyLoginPageTitle" time="0.048"/>
  <testcase classname="com.qa.opencart.testcases.LoginPageTest" name="verifySearchBoxDisplay" time="0.044"/>
  <testcase classname="com.qa.opencart.testcases.LoginPageTest" name="verifyHeaderElementsText" time="0.024"/>
  <testcase classname="com.qa.opencart.testcases.LoginPageTest" name="verifyFooterElementText" time="0.097"/>
  <testcase classname="com.qa.opencart.testcases.LoginPageTest" name="verifyCartLinkDisplay" time="0.088"/>
  <testcase classname="com.qa.opencart.testcases.LoginPageTest" name="verifySignInLinkDisplay" time="0.039"/>
  <testcase classname="com.qa.opencart.testcases.LoginPageTest" name="verifyCreateAccountLinkDisplay" time="0.06"/>
</testsuite> <!-- Default test -->
